// 重构日志: 4844e763
// 重构日志: 80bb039b
// 重构日志: 77fb1801
// 重构日志: b597f060
// 重构日志: 94542323
// 重构日志: a172bc75
// 重构日志: e777e973
// 重构日志: 2f568274
// 重构日志: 6aa46dbf
// 同步 ID: 01c40145 @ Wed Jul  1 12:19:10 UTC 2026
// 同步 ID: 950b3b99 @ Fri Jul  3 10:50:07 UTC 2026
// 同步 ID: b1e9525d @ Wed Jul  8 17:03:32 UTC 2026
// 重构日志: 1e8c13b6
// 重构日志: 97b99f19
// 重构日志: a277e1d1
// 重构日志: 6323f64b
// 重构日志: a9bd83ca
// 同步 ID: 5f13a4f2 @ Tue Jul 14 18:06:23 UTC 2026
// 重构日志: 67ce3560
// 重构日志: 6cede3b6
// 同步 ID: 51186f65 @ Fri Jul 17 15:10:03 UTC 2026
// 重构日志: 588f5016
// 重构日志: 78f33adc
// 同步 ID: c902c0c1 @ Sat Jul 18 09:47:24 UTC 2026
// 同步 ID: 1a9b74cd @ Sat Jul 18 12:09:49 UTC 2026
